<?xml version="1.0" encoding="UTF-8"?>
<testng-results skipped="0" failed="0" ignored="0" total="1" passed="1">
  <reporter-output>
  </reporter-output>
  <suite name="Default suite" duration-ms="205" started-at="2017-03-05T16:54:33Z" finished-at="2017-03-05T16:54:33Z">
    <groups>
    </groups>
    <test name="Default test" duration-ms="205" started-at="2017-03-05T16:54:33Z" finished-at="2017-03-05T16:54:33Z">
      <class name="com.mavdemo.Demotest">
        <test-method status="PASS" signature="testmav()[pri:0, instance:com.mavdemo.Demotest@724af044]" name="testmav" duration-ms="79" started-at="2017-03-05T22:24:33Z" finished-at="2017-03-05T22:24:33Z">
          <reporter-output>
          </reporter-output>
        </test-method> <!-- testmav -->
      </class> <!-- com.mavdemo.Demotest -->
    </test> <!-- Default test -->
  </suite> <!-- Default suite -->
</testng-results>
