<?xml version="1.0" encoding="UTF-8"?>
<testng-results skipped="0" failed="0" ignored="0" total="1" passed="1">
  <reporter-output>
  </reporter-output>
  <suite name="Default suite" duration-ms="99" started-at="2017-04-30T06:33:19Z" finished-at="2017-04-30T06:33:19Z">
    <groups>
    </groups>
    <test name="Default test" duration-ms="99" started-at="2017-04-30T06:33:19Z" finished-at="2017-04-30T06:33:19Z">
      <class name="com.mavdemo.Demotest">
        <test-method status="PASS" signature="testmav()[pri:0, instance:com.mavdemo.Demotest@4cc0edeb]" name="testmav" duration-ms="43" started-at="2017-04-30T12:03:19Z" finished-at="2017-04-30T12:03:19Z">
          <reporter-output>
          </reporter-output>
        </test-method> <!-- testmav -->
      </class> <!-- com.mavdemo.Demotest -->
    </test> <!-- Default test -->
  </suite> <!-- Default suite -->
</testng-results>
